<?xml version="1.0" encoding="UTF-8"?>
<!-- Generated by org.testng.reporters.JUnitReportReporter -->
<testsuite hostname="SHARMAPC-PC" name="com.fedphe.data.TestinvocationCounttest" tests="20" failures="0" timestamp="24 Apr 2020 07:40:46 GMT" time="0.056" errors="0">
  <testcase name="add" time="0.004" classname="com.fedphe.data.TestinvocationCounttest"/>
  <testcase name="add" time="0.000" classname="com.fedphe.data.TestinvocationCounttest"/>
  <testcase name="add" time="0.003" classname="com.fedphe.data.TestinvocationCounttest"/>
  <testcase name="add" time="0.000" classname="com.fedphe.data.TestinvocationCounttest"/>
  <testcase name="add" time="0.001" classname="com.fedphe.data.TestinvocationCounttest"/>
  <testcase name="add" time="0.001" classname="com.fedphe.data.TestinvocationCounttest"/>
  <testcase name="add" time="0.001" classname="com.fedphe.data.TestinvocationCounttest"/>
  <testcase name="add" time="0.001" classname="com.fedphe.data.TestinvocationCounttest"/>
  <testcase name="add" time="0.000" classname="com.fedphe.data.TestinvocationCounttest"/>
  <testcase name="add" time="0.009" classname="com.fedphe.data.TestinvocationCounttest"/>
  <testcase name="add" time="0.000" classname="com.fedphe.data.TestinvocationCounttest"/>
  <testcase name="add" time="0.010" classname="com.fedphe.data.TestinvocationCounttest"/>
  <testcase name="add" time="0.000" classname="com.fedphe.data.TestinvocationCounttest"/>
  <testcase name="add" time="0.000" classname="com.fedphe.data.TestinvocationCounttest"/>
  <testcase name="add" time="0.000" classname="com.fedphe.data.TestinvocationCounttest"/>
  <testcase name="add" time="0.001" classname="com.fedphe.data.TestinvocationCounttest"/>
  <testcase name="add" time="0.000" classname="com.fedphe.data.TestinvocationCounttest"/>
  <testcase name="add" time="0.003" classname="com.fedphe.data.TestinvocationCounttest"/>
  <testcase name="add" time="0.001" classname="com.fedphe.data.TestinvocationCounttest"/>
  <testcase name="add" time="0.021" classname="com.fedphe.data.TestinvocationCounttest"/>
</testsuite> <!-- com.fedphe.data.TestinvocationCounttest -->
