<?xml version="1.0" encoding="UTF-8"?>
<!-- Generated by org.testng.reporters.JUnitReportReporter -->
<testsuite hostname="SHARMAPC-PC" name="com.fedphe.data.TestNGGroup" tests="3" failures="0" timestamp="24 Apr 2020 13:33:07 GMT" time="0.018" errors="0">
  <testcase name="composeMailTest" time="0.002" classname="com.fedphe.data.TestNGGroup"/>
  <testcase name="SearchMailTest" time="0.015" classname="com.fedphe.data.TestNGGroup"/>
  <testcase name="deleteMailTest" time="0.001" classname="com.fedphe.data.TestNGGroup"/>
</testsuite> <!-- com.fedphe.data.TestNGGroup -->
