<?xml version="1.0" encoding="UTF-8"?>
<!-- Generated by org.testng.reporters.JUnitReportReporter -->
<testsuite hostname="SHARMAPC-PC" name="com.fedphe.data.TestNGbasics2" tests="2" failures="0" timestamp="24 Apr 2020 07:13:55 GMT" time="0.010" errors="0">
  <testcase name="searchTest" time="0.002" classname="com.fedphe.data.TestNGbasics2"/>
  <testcase name="googleTitleTest" time="0.008" classname="com.fedphe.data.TestNGbasics2"/>
</testsuite> <!-- com.fedphe.data.TestNGbasics2 -->
