<?xml version="1.0" encoding="UTF-8"?>
<!-- Generated by org.testng.reporters.JUnitReportReporter -->
<testsuite hostname="SHARMAPC-PC" name="com.fedphe.data.TestNGFeatures" tests="4" failures="0" timestamp="24 Apr 2020 07:33:04 GMT" time="0.011" errors="0">
  <testcase name="HomepageTest" time="0.000" classname="com.fedphe.data.TestNGFeatures"/>
  <testcase name="RegistrationpageTest" time="0.001" classname="com.fedphe.data.TestNGFeatures"/>
  <testcase name="loginTest" time="0.009" classname="com.fedphe.data.TestNGFeatures"/>
  <testcase name="SearchpageTest" time="0.001" classname="com.fedphe.data.TestNGFeatures"/>
</testsuite> <!-- com.fedphe.data.TestNGFeatures -->
