<?xml version="1.0" encoding="UTF-8"?>
<!-- Generated by org.testng.reporters.JUnitReportReporter -->
<testsuite hostname="SHARMAPC-PC" name="tests.SellItemsTest" tests="1" failures="0" timestamp="23 Apr 2020 12:18:50 GMT" time="0.002" errors="1">
  <testcase name="testSellingBooks" time="0.002" classname="tests.SellItemsTest"/>
</testsuite> <!-- tests.SellItemsTest -->
