<?xml version="1.0" encoding="UTF-8"?>
<!-- Generated by org.testng.reporters.JUnitReportReporter -->
<testsuite hostname="a-cdd622f9b4c14" name="tests.SendMailTest" tests="2" failures="0" timestamp="30 Jun 2011 17:26:56 GMT" time="0.015" errors="0">
  <testcase name="testMailSending" time="0.015" classname="tests.SendMailTest"/>
  <testcase name="testMailSending" time="0.000" classname="tests.SendMailTest"/>
</testsuite>
