<?xml version="1.0" encoding="UTF-8"?>
<!-- Generated by org.testng.reporters.JUnitReportReporter -->
<testsuite hostname="SHARMAPC-PC" name="TestExceptiontimeout" tests="1" failures="0" timestamp="24 Apr 2020 07:59:53 GMT" time="0.009" errors="0">
  <testcase name="test1" time="0.009" classname="TestExceptiontimeout"/>
</testsuite> <!-- TestExceptiontimeout -->
