<?xml version="1.0" encoding="UTF-8"?>
<!-- Generated by org.testng.reporters.JUnitReportReporter -->
<testsuite hostname="SHARMAPC-PC" name="tests.LoginTest" tests="2" failures="0" timestamp="23 Apr 2020 12:18:50 GMT" time="0.003" errors="0">
  <testcase name="testLogin" time="0.002" classname="tests.LoginTest"/>
  <testcase name="testRegister" time="0.001" classname="tests.LoginTest"/>
</testsuite> <!-- tests.LoginTest -->
